{"/Users/ilhan/Projects/hello-ts/src/app.ts": {"path":"/Users/ilhan/Projects/hello-ts/src/app.ts","statementMap":{"0":{"start":{"line":1,"column":0},"end":{"line":1,"column":27}},"1":{"start":{"line":2,"column":0},"end":{"line":2,"column":59}},"2":{"start":{"line":3,"column":0},"end":{"line":3,"column":47}},"3":{"start":{"line":4,"column":0},"end":{"line":4,"column":37}},"4":{"start":{"line":5,"column":0},"end":{"line":5,"column":41}},"5":{"start":{"line":6,"column":0},"end":{"line":6,"column":38}},"6":{"start":{"line":7,"column":0},"end":{"line":7,"column":24}},"7":{"start":{"line":8,"column":0},"end":{"line":8,"column":49}},"8":{"start":{"line":9,"column":0},"end":{"line":9,"column":58}},"9":{"start":{"line":10,"column":0},"end":{"line":10,"column":57}},"10":{"start":{"line":12,"column":25},"end":{"line":12,"column":34}},"11":{"start":{"line":14,"column":0},"end":{"line":16,"column":4}},"12":{"start":{"line":17,"column":0},"end":{"line":17,"column":23}},"13":{"start":{"line":18,"column":0},"end":{"line":18,"column":24}},"14":{"start":{"line":19,"column":0},"end":{"line":19,"column":27}},"15":{"start":{"line":21,"column":25},"end":{"line":24,"column":1}},"16":{"start":{"line":22,"column":4},"end":{"line":22,"column":74}},"17":{"start":{"line":23,"column":4},"end":{"line":23,"column":11}},"18":{"start":{"line":25,"column":0},"end":{"line":25,"column":63}},"19":{"start":{"line":26,"column":0},"end":{"line":26,"column":null}},"20":{"start":{"line":28,"column":26},"end":{"line":37,"column":1}},"21":{"start":{"line":29,"column":38},"end":{"line":29,"column":54}},"22":{"start":{"line":31,"column":4},"end":{"line":33,"column":5}},"23":{"start":{"line":32,"column":8},"end":{"line":32,"column":64}},"24":{"start":{"line":34,"column":4},"end":{"line":36,"column":7}},"25":{"start":{"line":35,"column":8},"end":{"line":35,"column":51}},"26":{"start":{"line":39,"column":0},"end":{"line":41,"column":3}},"27":{"start":{"line":40,"column":4},"end":{"line":40,"column":24}},"28":{"start":{"line":44,"column":0},"end":{"line":44,"column":19}}},"fnMap":{"0":{"name":"(anonymous_1)","decl":{"start":{"line":21,"column":25},"end":{"line":21,"column":26}},"loc":{"start":{"line":21,"column":44},"end":{"line":24,"column":1}}},"1":{"name":"(anonymous_2)","decl":{"start":{"line":28,"column":26},"end":{"line":28,"column":35}},"loc":{"start":{"line":28,"column":37},"end":{"line":37,"column":1}}},"2":{"name":"(anonymous_3)","decl":{"start":{"line":34,"column":31},"end":{"line":34,"column":34}},"loc":{"start":{"line":34,"column":36},"end":{"line":36,"column":5}}},"3":{"name":"(anonymous_4)","decl":{"start":{"line":39,"column":25},"end":{"line":39,"column":28}},"loc":{"start":{"line":39,"column":30},"end":{"line":41,"column":1}}}},"branchMap":{"0":{"loc":{"start":{"line":31,"column":4},"end":{"line":33,"column":5}},"type":"if","locations":[{"start":{"line":31,"column":4},"end":{"line":33,"column":5}}]}},"s":{"0":4,"1":4,"2":4,"3":4,"4":4,"5":4,"6":4,"7":4,"8":4,"9":4,"10":4,"11":4,"12":4,"13":4,"14":4,"15":4,"16":9,"17":9,"18":4,"19":4,"20":4,"21":4,"22":4,"23":0,"24":4,"25":1,"26":4,"27":4,"28":4},"f":{"0":9,"1":4,"2":1,"3":4},"b":{"0":[0]}}
,"/Users/ilhan/Projects/hello-ts/src/config/db_connection.ts": {"path":"/Users/ilhan/Projects/hello-ts/src/config/db_connection.ts","statementMap":{"0":{"start":{"line":1,"column":0},"end":{"line":1,"column":32}},"1":{"start":{"line":2,"column":0},"end":{"line":2,"column":27}},"2":{"start":{"line":4,"column":26},"end":{"line":21,"column":6}},"3":{"start":{"line":4,"column":53},"end":{"line":21,"column":6}},"4":{"start":{"line":5,"column":31},"end":{"line":5,"column":54}},"5":{"start":{"line":7,"column":4},"end":{"line":10,"column":5}},"6":{"start":{"line":8,"column":8},"end":{"line":8,"column":50}},"7":{"start":{"line":9,"column":8},"end":{"line":9,"column":57}},"8":{"start":{"line":12,"column":4},"end":{"line":20,"column":9}},"9":{"start":{"line":14,"column":8},"end":{"line":14,"column":43}},"10":{"start":{"line":15,"column":8},"end":{"line":15,"column":57}},"11":{"start":{"line":18,"column":8},"end":{"line":18,"column":61}},"12":{"start":{"line":19,"column":8},"end":{"line":19,"column":20}},"13":{"start":{"line":37,"column":9},"end":{"line":37,"column":26}},"14":{"start":{"line":24,"column":32},"end":{"line":35,"column":2}},"15":{"start":{"line":24,"column":59},"end":{"line":35,"column":2}},"16":{"start":{"line":26,"column":4},"end":{"line":33,"column":5}},"17":{"start":{"line":27,"column":8},"end":{"line":27,"column":36}},"18":{"start":{"line":28,"column":8},"end":{"line":28,"column":62}},"19":{"start":{"line":31,"column":8},"end":{"line":31,"column":null}},"20":{"start":{"line":32,"column":8},"end":{"line":32,"column":20}},"21":{"start":{"line":37,"column":28},"end":{"line":37,"column":51}}},"fnMap":{"0":{"name":"(anonymous_8)","decl":{"start":{"line":4,"column":26},"end":{"line":4,"column":51}},"loc":{"start":{"line":4,"column":53},"end":{"line":21,"column":6}}},"1":{"name":"(anonymous_9)","decl":{"start":{"line":4,"column":53},"end":{"line":4,"column":null}},"loc":{"start":{"line":4,"column":53},"end":{"line":21,"column":5}}},"2":{"name":"(anonymous_10)","decl":{"start":{"line":24,"column":32},"end":{"line":24,"column":57}},"loc":{"start":{"line":24,"column":59},"end":{"line":35,"column":2}}},"3":{"name":"(anonymous_11)","decl":{"start":{"line":24,"column":59},"end":{"line":24,"column":null}},"loc":{"start":{"line":24,"column":59},"end":{"line":35,"column":1}}}},"branchMap":{"0":{"loc":{"start":{"line":7,"column":4},"end":{"line":10,"column":5}},"type":"if","locations":[{"start":{"line":7,"column":4},"end":{"line":10,"column":5}}]}},"s":{"0":7,"1":7,"2":7,"3":11,"4":11,"5":11,"6":0,"7":0,"8":11,"9":11,"10":11,"11":0,"12":0,"13":7,"14":7,"15":0,"16":0,"17":0,"18":0,"19":0,"20":0,"21":7},"f":{"0":11,"1":11,"2":0,"3":0},"b":{"0":[0]}}
,"/Users/ilhan/Projects/hello-ts/src/controllers/questionController.ts": {"path":"/Users/ilhan/Projects/hello-ts/src/controllers/questionController.ts","statementMap":{"0":{"start":{"line":1,"column":0},"end":{"line":1,"column":51}},"1":{"start":{"line":3,"column":0},"end":{"line":3,"column":52}},"2":{"start":{"line":11,"column":19},"end":{"line":35,"column":2}},"3":{"start":{"line":11,"column":82},"end":{"line":35,"column":2}},"4":{"start":{"line":13,"column":34},"end":{"line":13,"column":70}},"5":{"start":{"line":15,"column":4},"end":{"line":34,"column":5}},"6":{"start":{"line":17,"column":8},"end":{"line":21,"column":9}},"7":{"start":{"line":18,"column":12},"end":{"line":18,"column":82}},"8":{"start":{"line":20,"column":12},"end":{"line":20,"column":null}},"9":{"start":{"line":23,"column":8},"end":{"line":29,"column":9}},"10":{"start":{"line":24,"column":26},"end":{"line":24,"column":52}},"11":{"start":{"line":25,"column":12},"end":{"line":25,"column":80}},"12":{"start":{"line":28,"column":8},"end":{"line":28,"column":null}},"13":{"start":{"line":32,"column":8},"end":{"line":32,"column":null}},"14":{"start":{"line":33,"column":8},"end":{"line":33,"column":null}},"15":{"start":{"line":64,"column":27},"end":{"line":66,"column":2}},"16":{"start":{"line":69,"column":9},"end":{"line":69,"column":27}}},"fnMap":{"0":{"name":"(anonymous_7)","decl":{"start":{"line":11,"column":19},"end":{"line":11,"column":26}},"loc":{"start":{"line":11,"column":82},"end":{"line":35,"column":2}}},"1":{"name":"(anonymous_8)","decl":{"start":{"line":11,"column":82},"end":{"line":11,"column":null}},"loc":{"start":{"line":11,"column":82},"end":{"line":35,"column":1}}}},"branchMap":{"0":{"loc":{"start":{"line":13,"column":34},"end":{"line":13,"column":70}},"type":"binary-expr","locations":[{"start":{"line":13,"column":34},"end":{"line":13,"column":62}},{"start":{"line":13,"column":66},"end":{"line":13,"column":70}}]},"1":{"loc":{"start":{"line":17,"column":8},"end":{"line":21,"column":9}},"type":"if","locations":[{"start":{"line":17,"column":8},"end":{"line":21,"column":9}},{"start":{"line":19,"column":15},"end":{"line":21,"column":9}}]},"2":{"loc":{"start":{"line":23,"column":8},"end":{"line":29,"column":9}},"type":"if","locations":[{"start":{"line":23,"column":8},"end":{"line":29,"column":9}},{"start":{"line":27,"column":15},"end":{"line":29,"column":9}}]},"3":{"loc":{"start":{"line":33,"column":47},"end":{"line":33,"column":75}},"type":"binary-expr","locations":[{"start":{"line":33,"column":47},"end":{"line":33,"column":52}},{"start":{"line":33,"column":56},"end":{"line":33,"column":75}}]}},"s":{"0":4,"1":4,"2":4,"3":2,"4":2,"5":2,"6":2,"7":1,"8":1,"9":2,"10":0,"11":0,"12":2,"13":0,"14":0,"15":4,"16":4},"f":{"0":2,"1":2},"b":{"0":[2,1],"1":[1,1],"2":[0,2],"3":[0,0]}}
,"/Users/ilhan/Projects/hello-ts/src/controllers/userController.ts": {"path":"/Users/ilhan/Projects/hello-ts/src/controllers/userController.ts","statementMap":{"0":{"start":{"line":1,"column":0},"end":{"line":1,"column":50}},"1":{"start":{"line":2,"column":0},"end":{"line":2,"column":52}},"2":{"start":{"line":6,"column":15},"end":{"line":28,"column":2}},"3":{"start":{"line":6,"column":72},"end":{"line":28,"column":2}},"4":{"start":{"line":7,"column":42},"end":{"line":7,"column":50}},"5":{"start":{"line":9,"column":4},"end":{"line":26,"column":9}},"6":{"start":{"line":10,"column":43},"end":{"line":10,"column":72}},"7":{"start":{"line":12,"column":8},"end":{"line":14,"column":9}},"8":{"start":{"line":13,"column":12},"end":{"line":13,"column":77}},"9":{"start":{"line":16,"column":24},"end":{"line":16,"column":63}},"10":{"start":{"line":18,"column":8},"end":{"line":18,"column":29}},"11":{"start":{"line":19,"column":8},"end":{"line":19,"column":65}},"12":{"start":{"line":20,"column":22},"end":{"line":20,"column":47}},"13":{"start":{"line":21,"column":8},"end":{"line":21,"column":71}},"14":{"start":{"line":24,"column":8},"end":{"line":24,"column":29}},"15":{"start":{"line":25,"column":8},"end":{"line":25,"column":73}},"16":{"start":{"line":33,"column":23},"end":{"line":52,"column":6}},"17":{"start":{"line":33,"column":86},"end":{"line":52,"column":6}},"18":{"start":{"line":34,"column":29},"end":{"line":34,"column":33}},"19":{"start":{"line":36,"column":4},"end":{"line":51,"column":9}},"20":{"start":{"line":37,"column":23},"end":{"line":37,"column":77}},"21":{"start":{"line":39,"column":8},"end":{"line":43,"column":9}},"22":{"start":{"line":40,"column":12},"end":{"line":40,"column":47}},"23":{"start":{"line":42,"column":12},"end":{"line":42,"column":62}},"24":{"start":{"line":45,"column":22},"end":{"line":45,"column":48}},"25":{"start":{"line":46,"column":8},"end":{"line":46,"column":107}},"26":{"start":{"line":49,"column":8},"end":{"line":49,"column":null}},"27":{"start":{"line":50,"column":8},"end":{"line":50,"column":null}},"28":{"start":{"line":55,"column":23},"end":{"line":77,"column":2}},"29":{"start":{"line":55,"column":86},"end":{"line":77,"column":2}},"30":{"start":{"line":57,"column":4},"end":{"line":76,"column":5}},"31":{"start":{"line":58,"column":21},"end":{"line":58,"column":53}},"32":{"start":{"line":60,"column":8},"end":{"line":62,"column":9}},"33":{"start":{"line":61,"column":12},"end":{"line":61,"column":71}},"34":{"start":{"line":64,"column":8},"end":{"line":64,"column":59}},"35":{"start":{"line":65,"column":8},"end":{"line":65,"column":50}},"36":{"start":{"line":66,"column":8},"end":{"line":66,"column":59}},"37":{"start":{"line":68,"column":8},"end":{"line":68,"column":26}},"38":{"start":{"line":70,"column":22},"end":{"line":70,"column":44}},"39":{"start":{"line":72,"column":8},"end":{"line":72,"column":72}},"40":{"start":{"line":75,"column":8},"end":{"line":75,"column":77}},"41":{"start":{"line":79,"column":17},"end":{"line":107,"column":2}},"42":{"start":{"line":79,"column":80},"end":{"line":107,"column":2}},"43":{"start":{"line":81,"column":4},"end":{"line":105,"column":5}},"44":{"start":{"line":82,"column":21},"end":{"line":82,"column":53}},"45":{"start":{"line":84,"column":8},"end":{"line":86,"column":9}},"46":{"start":{"line":85,"column":12},"end":{"line":85,"column":71}},"47":{"start":{"line":88,"column":41},"end":{"line":88,"column":49}},"48":{"start":{"line":90,"column":40},"end":{"line":94,"column":10}},"49":{"start":{"line":96,"column":8},"end":{"line":96,"column":37}},"50":{"start":{"line":97,"column":8},"end":{"line":97,"column":26}},"51":{"start":{"line":99,"column":22},"end":{"line":99,"column":48}},"52":{"start":{"line":100,"column":8},"end":{"line":100,"column":97}},"53":{"start":{"line":103,"column":8},"end":{"line":103,"column":29}},"54":{"start":{"line":104,"column":8},"end":{"line":104,"column":74}},"55":{"start":{"line":110,"column":24},"end":{"line":115,"column":2}},"56":{"start":{"line":118,"column":9},"end":{"line":118,"column":24}}},"fnMap":{"0":{"name":"(anonymous_7)","decl":{"start":{"line":6,"column":15},"end":{"line":6,"column":22}},"loc":{"start":{"line":6,"column":72},"end":{"line":28,"column":2}}},"1":{"name":"(anonymous_8)","decl":{"start":{"line":6,"column":72},"end":{"line":6,"column":null}},"loc":{"start":{"line":6,"column":72},"end":{"line":28,"column":1}}},"2":{"name":"(anonymous_9)","decl":{"start":{"line":33,"column":23},"end":{"line":33,"column":30}},"loc":{"start":{"line":33,"column":86},"end":{"line":52,"column":6}}},"3":{"name":"(anonymous_10)","decl":{"start":{"line":33,"column":86},"end":{"line":33,"column":null}},"loc":{"start":{"line":33,"column":86},"end":{"line":52,"column":5}}},"4":{"name":"(anonymous_11)","decl":{"start":{"line":55,"column":23},"end":{"line":55,"column":30}},"loc":{"start":{"line":55,"column":86},"end":{"line":77,"column":2}}},"5":{"name":"(anonymous_12)","decl":{"start":{"line":55,"column":86},"end":{"line":55,"column":null}},"loc":{"start":{"line":55,"column":86},"end":{"line":77,"column":1}}},"6":{"name":"(anonymous_13)","decl":{"start":{"line":79,"column":17},"end":{"line":79,"column":24}},"loc":{"start":{"line":79,"column":80},"end":{"line":107,"column":2}}},"7":{"name":"(anonymous_14)","decl":{"start":{"line":79,"column":80},"end":{"line":79,"column":null}},"loc":{"start":{"line":79,"column":80},"end":{"line":107,"column":1}}}},"branchMap":{"0":{"loc":{"start":{"line":12,"column":8},"end":{"line":14,"column":9}},"type":"if","locations":[{"start":{"line":12,"column":8},"end":{"line":14,"column":9}}]},"1":{"loc":{"start":{"line":37,"column":23},"end":{"line":37,"column":77}},"type":"binary-expr","locations":[{"start":{"line":37,"column":23},"end":{"line":37,"column":62}},{"start":{"line":37,"column":66},"end":{"line":37,"column":77}}]},"2":{"loc":{"start":{"line":39,"column":8},"end":{"line":43,"column":9}},"type":"if","locations":[{"start":{"line":39,"column":8},"end":{"line":43,"column":9}},{"start":{"line":41,"column":15},"end":{"line":43,"column":9}}]},"3":{"loc":{"start":{"line":60,"column":8},"end":{"line":62,"column":9}},"type":"if","locations":[{"start":{"line":60,"column":8},"end":{"line":62,"column":9}}]},"4":{"loc":{"start":{"line":64,"column":24},"end":{"line":64,"column":58}},"type":"binary-expr","locations":[{"start":{"line":64,"column":24},"end":{"line":64,"column":41}},{"start":{"line":64,"column":45},"end":{"line":64,"column":58}}]},"5":{"loc":{"start":{"line":65,"column":21},"end":{"line":65,"column":49}},"type":"binary-expr","locations":[{"start":{"line":65,"column":21},"end":{"line":65,"column":35}},{"start":{"line":65,"column":39},"end":{"line":65,"column":49}}]},"6":{"loc":{"start":{"line":66,"column":24},"end":{"line":66,"column":58}},"type":"binary-expr","locations":[{"start":{"line":66,"column":24},"end":{"line":66,"column":41}},{"start":{"line":66,"column":45},"end":{"line":66,"column":58}}]},"7":{"loc":{"start":{"line":84,"column":8},"end":{"line":86,"column":9}},"type":"if","locations":[{"start":{"line":84,"column":8},"end":{"line":86,"column":9}}]}},"s":{"0":4,"1":4,"2":4,"3":2,"4":2,"5":2,"6":2,"7":2,"8":2,"9":0,"10":0,"11":0,"12":0,"13":0,"14":0,"15":0,"16":4,"17":1,"18":1,"19":1,"20":1,"21":1,"22":1,"23":0,"24":1,"25":1,"26":0,"27":0,"28":4,"29":1,"30":1,"31":1,"32":1,"33":0,"34":1,"35":1,"36":1,"37":1,"38":1,"39":1,"40":0,"41":4,"42":1,"43":1,"44":1,"45":1,"46":0,"47":1,"48":1,"49":1,"50":1,"51":1,"52":1,"53":0,"54":0,"55":4,"56":4},"f":{"0":2,"1":2,"2":1,"3":1,"4":1,"5":1,"6":1,"7":1},"b":{"0":[2],"1":[1,1],"2":[1,0],"3":[0],"4":[1,0],"5":[1,1],"6":[1,1],"7":[0]}}
,"/Users/ilhan/Projects/hello-ts/src/middleware/token.ts": {"path":"/Users/ilhan/Projects/hello-ts/src/middleware/token.ts","statementMap":{"0":{"start":{"line":1,"column":0},"end":{"line":1,"column":27}},"1":{"start":{"line":2,"column":0},"end":{"line":2,"column":48}},"2":{"start":{"line":4,"column":29},"end":{"line":4,"column":51}},"3":{"start":{"line":12,"column":22},"end":{"line":24,"column":1}},"4":{"start":{"line":13,"column":32},"end":{"line":17,"column":6}},"5":{"start":{"line":19,"column":38},"end":{"line":21,"column":6}},"6":{"start":{"line":23,"column":4},"end":{"line":23,"column":null}},"7":{"start":{"line":30,"column":9},"end":{"line":30,"column":22}},"8":{"start":{"line":26,"column":20},"end":{"line":28,"column":1}},"9":{"start":{"line":27,"column":4},"end":{"line":27,"column":58}},"10":{"start":{"line":31,"column":9},"end":{"line":31,"column":20}}},"fnMap":{"0":{"name":"(anonymous_1)","decl":{"start":{"line":12,"column":22},"end":{"line":12,"column":23}},"loc":{"start":{"line":12,"column":50},"end":{"line":24,"column":1}}},"1":{"name":"(anonymous_2)","decl":{"start":{"line":26,"column":20},"end":{"line":26,"column":21}},"loc":{"start":{"line":26,"column":53},"end":{"line":28,"column":1}}}},"branchMap":{},"s":{"0":5,"1":5,"2":5,"3":5,"4":7,"5":7,"6":7,"7":5,"8":5,"9":2,"10":5},"f":{"0":7,"1":2},"b":{}}
,"/Users/ilhan/Projects/hello-ts/src/middleware/token_checker.ts": {"path":"/Users/ilhan/Projects/hello-ts/src/middleware/token_checker.ts","statementMap":{"0":{"start":{"line":1,"column":0},"end":{"line":1,"column":31}},"1":{"start":{"line":2,"column":0},"end":{"line":2,"column":27}},"2":{"start":{"line":5,"column":29},"end":{"line":5,"column":51}},"3":{"start":{"line":18,"column":21},"end":{"line":42,"column":1}},"4":{"start":{"line":21,"column":23},"end":{"line":21,"column":47}},"5":{"start":{"line":22,"column":4},"end":{"line":24,"column":5}},"6":{"start":{"line":23,"column":8},"end":{"line":23,"column":36}},"7":{"start":{"line":27,"column":4},"end":{"line":41,"column":5}},"8":{"start":{"line":28,"column":8},"end":{"line":37,"column":7}},"9":{"start":{"line":29,"column":12},"end":{"line":36,"column":9}},"10":{"start":{"line":30,"column":16},"end":{"line":30,"column":33}},"11":{"start":{"line":31,"column":16},"end":{"line":31,"column":64}},"12":{"start":{"line":34,"column":8},"end":{"line":34,"column":54}},"13":{"start":{"line":35,"column":8},"end":{"line":35,"column":15}},"14":{"start":{"line":40,"column":4},"end":{"line":40,"column":52}},"15":{"start":{"line":44,"column":9},"end":{"line":44,"column":21}}},"fnMap":{"0":{"name":"(anonymous_1)","decl":{"start":{"line":18,"column":21},"end":{"line":18,"column":22}},"loc":{"start":{"line":18,"column":79},"end":{"line":42,"column":1}}},"1":{"name":"(anonymous_2)","decl":{"start":{"line":28,"column":49},"end":{"line":28,"column":50}},"loc":{"start":{"line":28,"column":66},"end":{"line":37,"column":5}}}},"branchMap":{"0":{"loc":{"start":{"line":22,"column":4},"end":{"line":24,"column":5}},"type":"if","locations":[{"start":{"line":22,"column":4},"end":{"line":24,"column":5}}]},"1":{"loc":{"start":{"line":27,"column":4},"end":{"line":41,"column":5}},"type":"if","locations":[{"start":{"line":27,"column":4},"end":{"line":41,"column":5}},{"start":{"line":38,"column":11},"end":{"line":41,"column":5}}]},"2":{"loc":{"start":{"line":29,"column":12},"end":{"line":36,"column":9}},"type":"if","locations":[{"start":{"line":29,"column":12},"end":{"line":36,"column":9}},{"start":{"line":32,"column":11},"end":{"line":36,"column":9}}]}},"s":{"0":4,"1":4,"2":4,"3":4,"4":5,"5":5,"6":4,"7":5,"8":3,"9":3,"10":0,"11":0,"12":3,"13":3,"14":2,"15":4},"f":{"0":5,"1":3},"b":{"0":[4],"1":[3,2],"2":[0,3]}}
,"/Users/ilhan/Projects/hello-ts/src/models/questionModel.ts": {"path":"/Users/ilhan/Projects/hello-ts/src/models/questionModel.ts","statementMap":{"0":{"start":{"line":1,"column":0},"end":{"line":1,"column":41}},"1":{"start":{"line":10,"column":23},"end":{"line":15,"column":2}},"2":{"start":{"line":17,"column":17},"end":{"line":17,"column":60}},"3":{"start":{"line":19,"column":9},"end":{"line":19,"column":17}}},"fnMap":{},"branchMap":{},"s":{"0":5,"1":5,"2":5,"3":5},"f":{},"b":{}}
,"/Users/ilhan/Projects/hello-ts/src/models/quizModel.ts": {"path":"/Users/ilhan/Projects/hello-ts/src/models/quizModel.ts","statementMap":{"0":{"start":{"line":1,"column":0},"end":{"line":1,"column":51}},"1":{"start":{"line":9,"column":24},"end":{"line":13,"column":2}},"2":{"start":{"line":17,"column":9},"end":{"line":17,"column":24}},"3":{"start":{"line":15,"column":13},"end":{"line":15,"column":54}},"4":{"start":{"line":18,"column":20},"end":{"line":18,"column":24}}},"fnMap":{},"branchMap":{},"s":{"0":5,"1":5,"2":5,"3":5,"4":5},"f":{},"b":{}}
,"/Users/ilhan/Projects/hello-ts/src/models/userModel.ts": {"path":"/Users/ilhan/Projects/hello-ts/src/models/userModel.ts","statementMap":{"0":{"start":{"line":1,"column":0},"end":{"line":1,"column":41}},"1":{"start":{"line":3,"column":0},"end":{"line":3,"column":46}},"2":{"start":{"line":4,"column":0},"end":{"line":4,"column":28}},"3":{"start":{"line":13,"column":19},"end":{"line":18,"column":2}},"4":{"start":{"line":20,"column":0},"end":{"line":25,"column":3}},"5":{"start":{"line":21,"column":4},"end":{"line":23,"column":9}},"6":{"start":{"line":22,"column":8},"end":{"line":22,"column":null}},"7":{"start":{"line":24,"column":4},"end":{"line":24,"column":null}},"8":{"start":{"line":27,"column":13},"end":{"line":27,"column":45}},"9":{"start":{"line":29,"column":9},"end":{"line":29,"column":13}}},"fnMap":{"0":{"name":"(anonymous_8)","decl":{"start":{"line":20,"column":23},"end":{"line":20,"column":39}},"loc":{"start":{"line":20,"column":43},"end":{"line":25,"column":2}}}},"branchMap":{"0":{"loc":{"start":{"line":21,"column":4},"end":{"line":23,"column":9}},"type":"if","locations":[{"start":{"line":21,"column":4},"end":{"line":23,"column":9}}]}},"s":{"0":5,"1":5,"2":5,"3":5,"4":5,"5":5,"6":3,"7":5,"8":5,"9":5},"f":{"0":5},"b":{"0":[3]}}
,"/Users/ilhan/Projects/hello-ts/src/routes/questionRoute.ts": {"path":"/Users/ilhan/Projects/hello-ts/src/routes/questionRoute.ts","statementMap":{"0":{"start":{"line":1,"column":0},"end":{"line":1,"column":33}},"1":{"start":{"line":2,"column":0},"end":{"line":2,"column":71}},"2":{"start":{"line":4,"column":23},"end":{"line":4,"column":31}},"3":{"start":{"line":8,"column":19},"end":{"line":8,"column":34}},"4":{"start":{"line":6,"column":0},"end":{"line":6,"column":47}}},"fnMap":{},"branchMap":{},"s":{"0":4,"1":4,"2":4,"3":4,"4":4},"f":{},"b":{}}
,"/Users/ilhan/Projects/hello-ts/src/routes/userRoute.ts": {"path":"/Users/ilhan/Projects/hello-ts/src/routes/userRoute.ts","statementMap":{"0":{"start":{"line":1,"column":0},"end":{"line":1,"column":33}},"1":{"start":{"line":2,"column":0},"end":{"line":2,"column":59}},"2":{"start":{"line":3,"column":0},"end":{"line":3,"column":64}},"3":{"start":{"line":5,"column":23},"end":{"line":5,"column":31}},"4":{"start":{"line":12,"column":19},"end":{"line":12,"column":30}},"5":{"start":{"line":7,"column":0},"end":{"line":7,"column":41}},"6":{"start":{"line":8,"column":0},"end":{"line":8,"column":62}},"7":{"start":{"line":9,"column":0},"end":{"line":9,"column":92}},"8":{"start":{"line":10,"column":0},"end":{"line":10,"column":69}}},"fnMap":{},"branchMap":{},"s":{"0":4,"1":4,"2":4,"3":4,"4":4,"5":4,"6":4,"7":4,"8":4},"f":{},"b":{}}
}
