TN:
SF:src/app.ts
FN:21,(anonymous_1)
FN:28,(anonymous_2)
FN:34,(anonymous_3)
FN:39,(anonymous_4)
FNF:4
FNH:4
FNDA:9,(anonymous_1)
FNDA:4,(anonymous_2)
FNDA:1,(anonymous_3)
FNDA:4,(anonymous_4)
DA:1,4
DA:2,4
DA:3,4
DA:4,4
DA:5,4
DA:6,4
DA:7,4
DA:8,4
DA:9,4
DA:10,4
DA:12,4
DA:14,4
DA:17,4
DA:18,4
DA:19,4
DA:21,4
DA:22,9
DA:23,9
DA:25,4
DA:26,4
DA:28,4
DA:29,4
DA:31,4
DA:32,0
DA:34,4
DA:35,1
DA:39,4
DA:40,4
DA:44,4
LF:29
LH:28
BRDA:31,0,0,0
BRF:1
BRH:0
end_of_record
TN:
SF:src/config/db_connection.ts
FN:4,(anonymous_8)
FN:4,(anonymous_9)
FN:24,(anonymous_10)
FN:24,(anonymous_11)
FNF:4
FNH:2
FNDA:11,(anonymous_8)
FNDA:11,(anonymous_9)
FNDA:0,(anonymous_10)
FNDA:0,(anonymous_11)
DA:1,7
DA:2,7
DA:4,11
DA:5,11
DA:7,11
DA:8,0
DA:9,0
DA:12,11
DA:14,11
DA:15,11
DA:18,0
DA:19,0
DA:24,7
DA:26,0
DA:27,0
DA:28,0
DA:31,0
DA:32,0
DA:37,7
LF:19
LH:10
BRDA:7,0,0,0
BRF:1
BRH:0
end_of_record
TN:
SF:src/controllers/questionController.ts
FN:11,(anonymous_7)
FN:11,(anonymous_8)
FNF:2
FNH:2
FNDA:2,(anonymous_7)
FNDA:2,(anonymous_8)
DA:1,4
DA:3,4
DA:11,4
DA:13,2
DA:15,2
DA:17,2
DA:18,1
DA:20,1
DA:23,2
DA:24,0
DA:25,0
DA:28,2
DA:32,0
DA:33,0
DA:64,4
DA:69,4
LF:16
LH:12
BRDA:13,0,0,2
BRDA:13,0,1,1
BRDA:17,1,0,1
BRDA:17,1,1,1
BRDA:23,2,0,0
BRDA:23,2,1,2
BRDA:33,3,0,0
BRDA:33,3,1,0
BRF:8
BRH:5
end_of_record
TN:
SF:src/controllers/userController.ts
FN:6,(anonymous_7)
FN:6,(anonymous_8)
FN:33,(anonymous_9)
FN:33,(anonymous_10)
FN:55,(anonymous_11)
FN:55,(anonymous_12)
FN:79,(anonymous_13)
FN:79,(anonymous_14)
FNF:8
FNH:8
FNDA:2,(anonymous_7)
FNDA:2,(anonymous_8)
FNDA:1,(anonymous_9)
FNDA:1,(anonymous_10)
FNDA:1,(anonymous_11)
FNDA:1,(anonymous_12)
FNDA:1,(anonymous_13)
FNDA:1,(anonymous_14)
DA:1,4
DA:2,4
DA:6,4
DA:7,2
DA:9,2
DA:10,2
DA:12,2
DA:13,2
DA:16,0
DA:18,0
DA:19,0
DA:20,0
DA:21,0
DA:24,0
DA:25,0
DA:33,4
DA:34,1
DA:36,1
DA:37,1
DA:39,1
DA:40,1
DA:42,0
DA:45,1
DA:46,1
DA:49,0
DA:50,0
DA:55,4
DA:57,1
DA:58,1
DA:60,1
DA:61,0
DA:64,1
DA:65,1
DA:66,1
DA:68,1
DA:70,1
DA:72,1
DA:75,0
DA:79,4
DA:81,1
DA:82,1
DA:84,1
DA:85,0
DA:88,1
DA:90,1
DA:96,1
DA:97,1
DA:99,1
DA:100,1
DA:103,0
DA:104,0
DA:110,4
DA:118,4
LF:53
LH:38
BRDA:12,0,0,2
BRDA:37,1,0,1
BRDA:37,1,1,1
BRDA:39,2,0,1
BRDA:39,2,1,0
BRDA:60,3,0,0
BRDA:64,4,0,1
BRDA:64,4,1,0
BRDA:65,5,0,1
BRDA:65,5,1,1
BRDA:66,6,0,1
BRDA:66,6,1,1
BRDA:84,7,0,0
BRF:13
BRH:9
end_of_record
TN:
SF:src/middleware/token.ts
FN:12,(anonymous_1)
FN:26,(anonymous_2)
FNF:2
FNH:2
FNDA:7,(anonymous_1)
FNDA:2,(anonymous_2)
DA:1,5
DA:2,5
DA:4,5
DA:12,5
DA:13,7
DA:19,7
DA:23,7
DA:26,5
DA:27,2
DA:30,5
DA:31,5
LF:11
LH:11
BRF:0
BRH:0
end_of_record
TN:
SF:src/middleware/token_checker.ts
FN:18,(anonymous_1)
FN:28,(anonymous_2)
FNF:2
FNH:2
FNDA:5,(anonymous_1)
FNDA:3,(anonymous_2)
DA:1,4
DA:2,4
DA:5,4
DA:18,4
DA:21,5
DA:22,5
DA:23,4
DA:27,5
DA:28,3
DA:29,3
DA:30,0
DA:31,0
DA:34,3
DA:35,3
DA:40,2
DA:44,4
LF:16
LH:14
BRDA:22,0,0,4
BRDA:27,1,0,3
BRDA:27,1,1,2
BRDA:29,2,0,0
BRDA:29,2,1,3
BRF:5
BRH:4
end_of_record
TN:
SF:src/models/questionModel.ts
FNF:0
FNH:0
DA:1,5
DA:10,5
DA:17,5
DA:19,5
LF:4
LH:4
BRF:0
BRH:0
end_of_record
TN:
SF:src/models/quizModel.ts
FNF:0
FNH:0
DA:1,5
DA:9,5
DA:15,5
DA:17,5
DA:18,5
LF:5
LH:5
BRF:0
BRH:0
end_of_record
TN:
SF:src/models/userModel.ts
FN:20,(anonymous_8)
FNF:1
FNH:1
FNDA:5,(anonymous_8)
DA:1,5
DA:3,5
DA:4,5
DA:13,5
DA:20,5
DA:21,5
DA:22,3
DA:24,5
DA:27,5
DA:29,5
LF:10
LH:10
BRDA:21,0,0,3
BRF:1
BRH:1
end_of_record
TN:
SF:src/routes/questionRoute.ts
FNF:0
FNH:0
DA:1,4
DA:2,4
DA:4,4
DA:6,4
DA:8,4
LF:5
LH:5
BRF:0
BRH:0
end_of_record
TN:
SF:src/routes/userRoute.ts
FNF:0
FNH:0
DA:1,4
DA:2,4
DA:3,4
DA:5,4
DA:7,4
DA:8,4
DA:9,4
DA:10,4
DA:12,4
LF:9
LH:9
BRF:0
BRH:0
end_of_record
